Build started 2015-08-23 04:45:34.
     1>Project "C:\Users\Kamil\Documents\Visual Studio 2013\Projects\DoomGit\Doom\Doom.vcxproj" on node 2 (Build target(s)).
     1>ClCompile:
         C:\Program Files (x86)\Microsoft Visual Studio 12.0\VC\bin\CL.exe /c /Zi /nologo /W3 /WX- /sdl /O2 /Oi /Oy- /GL /D _MBCS /Gm- /EHsc /MD /GS /Gy /fp:precise /Zc:wchar_t /Zc:forScope /Fo"Release\\" /Fd"Release\vc120.pdb" /Gd /TP /analyze- /errorReport:prompt CameraSystem.cpp Entity.cpp GameManager.cpp main.cpp MovementSystem.cpp RenderSystem.cpp ResourceManager.cpp ShaderData.cpp ShaderInterface.cpp Vector3.cpp Vector4.cpp VertexBuffer.cpp
         CameraSystem.cpp
     1>c:\users\kamil\documents\visual studio 2013\projects\doomgit\doom\VertexBuffer.h(3): fatal error C1083: Cannot open include file: 'GL/glew.h': No such file or directory
         Entity.cpp
     1>c:\users\kamil\documents\visual studio 2013\projects\doomgit\doom\VertexBuffer.h(3): fatal error C1083: Cannot open include file: 'GL/glew.h': No such file or directory
         GameManager.cpp
     1>c:\users\kamil\documents\visual studio 2013\projects\doomgit\doom\Shader.h(8): fatal error C1083: Cannot open include file: 'GL/glew.h': No such file or directory
         main.cpp
     1>c:\users\kamil\documents\visual studio 2013\projects\doomgit\doom\Shader.h(8): fatal error C1083: Cannot open include file: 'GL/glew.h': No such file or directory
         MovementSystem.cpp
     1>c:\users\kamil\documents\visual studio 2013\projects\doomgit\doom\VertexBuffer.h(3): fatal error C1083: Cannot open include file: 'GL/glew.h': No such file or directory
         RenderSystem.cpp
     1>c:\users\kamil\documents\visual studio 2013\projects\doomgit\doom\Shader.h(8): fatal error C1083: Cannot open include file: 'GL/glew.h': No such file or directory
         ResourceManager.cpp
     1>c:\users\kamil\documents\visual studio 2013\projects\doomgit\doom\Shader.h(8): fatal error C1083: Cannot open include file: 'GL/glew.h': No such file or directory
         ShaderData.cpp
     1>c:\users\kamil\documents\visual studio 2013\projects\doomgit\doom\ShaderData.h(2): fatal error C1083: Cannot open include file: 'GLFW/glfw3.h': No such file or directory
         ShaderInterface.cpp
     1>c:\users\kamil\documents\visual studio 2013\projects\doomgit\doom\Shader.h(8): fatal error C1083: Cannot open include file: 'GL/glew.h': No such file or directory
         Vector3.cpp
     1>c:\users\kamil\documents\visual studio 2013\projects\doomgit\doom\Vector3.h(3): fatal error C1083: Cannot open include file: 'GLFW/glfw3.h': No such file or directory
         Vector4.cpp
     1>c:\users\kamil\documents\visual studio 2013\projects\doomgit\doom\Vector4.h(3): fatal error C1083: Cannot open include file: 'GLFW/glfw3.h': No such file or directory
         VertexBuffer.cpp
     1>c:\users\kamil\documents\visual studio 2013\projects\doomgit\doom\VertexBuffer.h(3): fatal error C1083: Cannot open include file: 'GL/glew.h': No such file or directory
     1>Done Building Project "C:\Users\Kamil\Documents\Visual Studio 2013\Projects\DoomGit\Doom\Doom.vcxproj" (Build target(s)) -- FAILED.

Build FAILED.

Time Elapsed 00:00:02.19
