Build started 2015-08-21 23:36:42.
     1>Project "C:\Users\Kamil\Documents\Visual Studio 2013\Projects\DoomGit\Doom\Doom.vcxproj" on node 2 (Build target(s)).
     1>Link:
         C:\Program Files (x86)\Microsoft Visual Studio 12.0\VC\bin\link.exe /ERRORREPORT:PROMPT /OUT:"C:\Users\Kamil\Documents\Visual Studio 2013\Projects\DoomGit\Debug\Doom.exe" /INCREMENTAL /NOLOGO freeglut.lib assimpd.lib SOIL.lib glew32s.lib opengl32.lib glfw3.lib kernel32.lib user32.lib gdi32.lib winspool.lib comdlg32.lib advapi32.lib shell32.lib ole32.lib oleaut32.lib uuid.lib odbc32.lib odbccp32.lib kernel32.lib user32.lib gdi32.lib winspool.lib comdlg32.lib advapi32.lib shell32.lib ole32.lib oleaut32.lib uuid.lib odbc32.lib odbccp32.lib /MANIFEST /MANIFESTUAC:"level='asInvoker' uiAccess='false'" /manifest:embed /DEBUG /PDB:"C:\Users\Kamil\Documents\Visual Studio 2013\Projects\DoomGit\Debug\Doom.pdb" /TLBID:1 /DYNAMICBASE /NXCOMPAT /IMPLIB:"C:\Users\Kamil\Documents\Visual Studio 2013\Projects\DoomGit\Debug\Doom.lib" /MACHINE:X86 Debug\Doom.res
         Debug\GameManager.obj
         Debug\main.obj
         Debug\RenderSystem.obj
         Debug\ResourceManager.obj
         Debug\ShaderInterface.obj
         Debug\Vector3.obj
         Debug\VertexBuffer.obj
     1>LINK : warning LNK4098: defaultlib 'LIBCMT' conflicts with use of other libs; use /NODEFAULTLIB:library
     1>GameManager.obj : warning LNK4217: locally defined symbol _glewInit@0 imported in function "public: static class GameManager & __cdecl GameManager::getGameManager(void)" (?getGameManager@GameManager@@SAAAV1@XZ)
     1>GameManager.obj : warning LNK4049: locally defined symbol _glewExperimental imported
     1>RenderSystem.obj : warning LNK4049: locally defined symbol ___glewUniform4f imported
     1>RenderSystem.obj : warning LNK4049: locally defined symbol ___glewUniformMatrix4fv imported
     1>ShaderInterface.obj : warning LNK4049: locally defined symbol ___glewAttachShader imported
     1>ShaderInterface.obj : warning LNK4049: locally defined symbol ___glewCompileShader imported
     1>ShaderInterface.obj : warning LNK4049: locally defined symbol ___glewCreateProgram imported
     1>ShaderInterface.obj : warning LNK4049: locally defined symbol ___glewCreateShader imported
     1>ShaderInterface.obj : warning LNK4049: locally defined symbol ___glewDeleteShader imported
     1>ShaderInterface.obj : warning LNK4049: locally defined symbol ___glewGetAttribLocation imported
     1>ShaderInterface.obj : warning LNK4049: locally defined symbol ___glewGetProgramInfoLog imported
     1>ShaderInterface.obj : warning LNK4049: locally defined symbol ___glewGetProgramiv imported
     1>ShaderInterface.obj : warning LNK4049: locally defined symbol ___glewGetShaderInfoLog imported
     1>ShaderInterface.obj : warning LNK4049: locally defined symbol ___glewGetShaderiv imported
     1>ShaderInterface.obj : warning LNK4049: locally defined symbol ___glewGetUniformLocation imported
     1>ShaderInterface.obj : warning LNK4049: locally defined symbol ___glewLinkProgram imported
     1>ShaderInterface.obj : warning LNK4049: locally defined symbol ___glewShaderSource imported
     1>ShaderInterface.obj : warning LNK4049: locally defined symbol ___glewUseProgram imported
     1>VertexBuffer.obj : error LNK2019: unresolved external symbol "public: int __thiscall ShaderInterface::get_aPositionNormal(void)" (?get_aPositionNormal@ShaderInterface@@QAEHXZ) referenced in function "public: void __thiscall VertexBuffer::configureVertexAttributes(void)" (?configureVertexAttributes@VertexBuffer@@QAEXXZ)
     1>C:\Users\Kamil\Documents\Visual Studio 2013\Projects\DoomGit\Debug\Doom.exe : fatal error LNK1120: 1 unresolved externals
     1>Done Building Project "C:\Users\Kamil\Documents\Visual Studio 2013\Projects\DoomGit\Doom\Doom.vcxproj" (Build target(s)) -- FAILED.

Build FAILED.

Time Elapsed 00:00:00.48
