c:\users\kamil\documents\visual studio 2013\projects\doom\doom\doom\debug\vc120.pdb
c:\users\kamil\documents\visual studio 2013\projects\doom\doom\doom\debug\vc120.idb
c:\users\kamil\documents\visual studio 2013\projects\doom\doom\doom\debug\main.obj
c:\users\kamil\documents\visual studio 2013\projects\doom\doom\doom\debug\gamemanager.obj
c:\users\kamil\documents\visual studio 2013\projects\doom\doom\doom\debug\rendersystem.obj
c:\users\kamil\documents\visual studio 2013\projects\doom\doom\doom\debug\vertexbuffer.obj
c:\users\kamil\documents\visual studio 2013\projects\doom\doom\debug\doom.ilk
c:\users\kamil\documents\visual studio 2013\projects\doom\doom\debug\doom.exe
c:\users\kamil\documents\visual studio 2013\projects\doom\doom\debug\doom.pdb
c:\users\kamil\documents\visual studio 2013\projects\doom\doom\doom\debug\doom.tlog\cl.command.1.tlog
c:\users\kamil\documents\visual studio 2013\projects\doom\doom\doom\debug\doom.tlog\cl.read.1.tlog
c:\users\kamil\documents\visual studio 2013\projects\doom\doom\doom\debug\doom.tlog\cl.write.1.tlog
c:\users\kamil\documents\visual studio 2013\projects\doom\doom\doom\debug\doom.tlog\link-cvtres.read.1.tlog
c:\users\kamil\documents\visual studio 2013\projects\doom\doom\doom\debug\doom.tlog\link-cvtres.write.1.tlog
c:\users\kamil\documents\visual studio 2013\projects\doom\doom\doom\debug\doom.tlog\link-rc.read.1.tlog
c:\users\kamil\documents\visual studio 2013\projects\doom\doom\doom\debug\doom.tlog\link-rc.write.1.tlog
c:\users\kamil\documents\visual studio 2013\projects\doom\doom\doom\debug\doom.tlog\link.2440-cvtres.read.1.tlog
c:\users\kamil\documents\visual studio 2013\projects\doom\doom\doom\debug\doom.tlog\link.2440-cvtres.write.1.tlog
c:\users\kamil\documents\visual studio 2013\projects\doom\doom\doom\debug\doom.tlog\link.2440-rc.read.1.tlog
c:\users\kamil\documents\visual studio 2013\projects\doom\doom\doom\debug\doom.tlog\link.2440-rc.write.1.tlog
c:\users\kamil\documents\visual studio 2013\projects\doom\doom\doom\debug\doom.tlog\link.2440.read.1.tlog
c:\users\kamil\documents\visual studio 2013\projects\doom\doom\doom\debug\doom.tlog\link.2440.write.1.tlog
c:\users\kamil\documents\visual studio 2013\projects\doom\doom\doom\debug\doom.tlog\link.command.1.tlog
c:\users\kamil\documents\visual studio 2013\projects\doom\doom\doom\debug\doom.tlog\link.read.1.tlog
c:\users\kamil\documents\visual studio 2013\projects\doom\doom\doom\debug\doom.tlog\link.write.1.tlog
